\BOOKMARK [1][-]{section.1}{\376\377\000I\000n\000t\000r\000o\000d\000u\000c\000t\000i\000o\000n}{}% 1
\BOOKMARK [1][-]{section.2}{\376\377\000C\000o\000m\000m\000o\000n\000\040\000N\000o\000t\000a\000t\000i\000o\000n\000\040\000a\000n\000d\000\040\000O\000p\000t\000i\000m\000i\000z\000a\000t\000i\000o\000n\000\040\000T\000e\000m\000p\000l\000a\000t\000e}{}% 2
\BOOKMARK [2][-]{subsection.2.1}{\376\377\000C\000o\000m\000m\000o\000n\000\040\000V\000a\000r\000i\000a\000b\000l\000e\000s}{section.2}% 3
\BOOKMARK [2][-]{subsection.2.2}{\376\377\000S\000h\000a\000r\000e\000d\000\040\000L\000a\000t\000e\000n\000c\000y\000\040\000O\000b\000j\000e\000c\000t\000i\000v\000e}{section.2}% 4
\BOOKMARK [1][-]{section.3}{\376\377\000U\000p\000l\000i\000n\000k\000\040\000F\000o\000r\000m\000u\000l\000a\000t\000i\000o\000n\000\040\000a\000n\000d\000\040\000F\000i\000n\000a\000l\000\040\000A\000l\000g\000o\000r\000i\000t\000h\000m}{}% 5
\BOOKMARK [2][-]{subsection.3.1}{\376\377\000E\000f\000f\000e\000c\000t\000i\000v\000e\000\040\000U\000p\000l\000i\000n\000k\000\040\000P\000h\000y\000s\000i\000c\000a\000l\000-\000L\000a\000y\000e\000r\000\040\000M\000o\000d\000e\000l}{section.3}% 6
\BOOKMARK [2][-]{subsection.3.2}{\376\377\000U\000p\000l\000i\000n\000k\000\040\000L\000a\000t\000e\000n\000c\000y\000\040\000M\000i\000n\000i\000m\000i\000z\000a\000t\000i\000o\000n\000\040\000w\000i\000t\000h\000\040\000U\000n\000k\000n\000o\000w\000n\000\040\000S\000u\000b\000-\000B\000l\000o\000c\000k\000\040\000C\000o\000u\000n\000t}{section.3}% 7
\BOOKMARK [2][-]{subsection.3.3}{\376\377\000U\000p\000l\000i\000n\000k\000\040\000G\000r\000e\000e\000d\000y\000\040\000D\000y\000n\000a\000m\000i\000c\000\040\000S\000u\000b\000-\000B\000l\000o\000c\000k\000\040\000C\000o\000n\000s\000t\000r\000u\000c\000t\000i\000o\000n}{section.3}% 8
\BOOKMARK [2][-]{subsection.3.4}{\376\377\000U\000p\000l\000i\000n\000k\000\040\000A\000l\000t\000e\000r\000n\000a\000t\000i\000n\000g\000\040\000O\000p\000t\000i\000m\000i\000z\000a\000t\000i\000o\000n\000\040\000f\000o\000r\000\040\000O\000n\000e\000\040\000S\000u\000b\000-\000B\000l\000o\000c\000k}{section.3}% 9
\BOOKMARK [2][-]{subsection.3.5}{\376\377\000U\000p\000l\000i\000n\000k\000\040\000P\000r\000i\000m\000a\000l\000-\000D\000u\000a\000l\000\040\000P\000r\000e\000c\000o\000d\000e\000r\000\040\000U\000p\000d\000a\000t\000e}{section.3}% 10
\BOOKMARK [2][-]{subsection.3.6}{\376\377\000U\000p\000l\000i\000n\000k\000\040\000R\000e\000s\000u\000l\000t\000s}{section.3}% 11
\BOOKMARK [3][-]{subsubsection.3.6.1}{\376\377\000R\000e\000p\000r\000e\000s\000e\000n\000t\000a\000t\000i\000v\000e\000\040\000F\000o\000u\000r\000-\000U\000s\000e\000r\000\040\000U\000p\000l\000i\000n\000k\000\040\000E\000x\000p\000e\000r\000i\000m\000e\000n\000t}{subsection.3.6}% 12
\BOOKMARK [3][-]{subsubsection.3.6.2}{\376\377\000H\000u\000n\000d\000r\000e\000d\000-\000U\000s\000e\000r\000\040\000U\000p\000l\000i\000n\000k\000\040\000E\000x\000p\000e\000r\000i\000m\000e\000n\000t}{subsection.3.6}% 13
\BOOKMARK [1][-]{section.4}{\376\377\000D\000o\000w\000n\000l\000i\000n\000k\000\040\000F\000o\000r\000m\000u\000l\000a\000t\000i\000o\000n\000\040\000a\000n\000d\000\040\000F\000i\000n\000a\000l\000\040\000A\000l\000g\000o\000r\000i\000t\000h\000m}{}% 14
\BOOKMARK [2][-]{subsection.4.1}{\376\377\000I\000n\000t\000e\000r\000f\000e\000r\000e\000n\000c\000e\000-\000C\000o\000u\000p\000l\000e\000d\000\040\000D\000o\000w\000n\000l\000i\000n\000k\000\040\000P\000h\000y\000s\000i\000c\000a\000l\000-\000L\000a\000y\000e\000r\000\040\000M\000o\000d\000e\000l}{section.4}% 15
\BOOKMARK [2][-]{subsection.4.2}{\376\377\000D\000o\000w\000n\000l\000i\000n\000k\000\040\000L\000a\000t\000e\000n\000c\000y\000\040\000M\000i\000n\000i\000m\000i\000z\000a\000t\000i\000o\000n\000\040\000P\000r\000o\000b\000l\000e\000m}{section.4}% 16
\BOOKMARK [2][-]{subsection.4.3}{\376\377\000P\000e\000r\000-\000B\000l\000o\000c\000k\000\040\000P\000r\000e\000c\000o\000d\000e\000r\000\040\000C\000o\000n\000v\000e\000r\000g\000e\000n\000c\000e}{section.4}% 17
\BOOKMARK [2][-]{subsection.4.4}{\376\377\000B\000i\000t\000\040\000a\000n\000d\000\040\000B\000l\000o\000c\000k\000l\000e\000n\000g\000t\000h\000\040\000A\000l\000l\000o\000c\000a\000t\000i\000o\000n\000\040\000A\000f\000t\000e\000r\000\040\000P\000r\000e\000c\000o\000d\000e\000r\000\040\000C\000o\000n\000v\000e\000r\000g\000e\000n\000c\000e}{section.4}% 18
\BOOKMARK [2][-]{subsection.4.5}{\376\377\000C\000a\000u\000s\000a\000l\000\040\000D\000o\000w\000n\000l\000i\000n\000k\000\040\000S\000w\000e\000e\000p\000\040\000S\000c\000h\000e\000d\000u\000l\000e\000r}{section.4}% 19
\BOOKMARK [2][-]{subsection.4.6}{\376\377\000D\000o\000w\000n\000l\000i\000n\000k\000\040\000R\000e\000s\000u\000l\000t\000s}{section.4}% 20
\BOOKMARK [3][-]{subsubsection.4.6.1}{\376\377\000G\000r\000e\000e\000d\000y\000\040\000S\000w\000e\000e\000p}{subsection.4.6}% 21
\BOOKMARK [3][-]{subsubsection.4.6.2}{\376\377\000S\000i\000m\000p\000l\000e\000\040\000W\000e\000i\000g\000h\000t\000\040\000I\000n\000v\000e\000r\000s\000e\000\040\000C\000N\000R}{subsection.4.6}% 22
\BOOKMARK [3][-]{subsubsection.4.6.3}{\376\377\000S\000i\000m\000p\000l\000e\000\040\000W\000e\000i\000g\000h\000t\000\040\000R\000e\000m\000a\000i\000n\000i\000n\000g\000\040\000B\000i\000t\000s}{subsection.4.6}% 23
\BOOKMARK [1][-]{section.5}{\376\377\000C\000o\000n\000c\000l\000u\000s\000i\000o\000n}{}% 24
